Building DAG of jobs...
Using shell: /bin/bash
Provided cores: 1 (use --cores to define parallelism)
Rules claiming more threads will be scaled down.
Job stats:
job               count
--------------  -------
all                   1
create_message        1
total                 2

Select jobs to execute...

[Thu Dec 18 11:46:08 2025]
rule create_message:
    output: results/final_message.txt
    jobid: 1
    reason: Missing output files: results/final_message.txt
    resources: tmpdir=/tmp

[Thu Dec 18 11:46:08 2025]
Finished job 1.
1 of 2 steps (50%) done
Select jobs to execute...

[Thu Dec 18 11:46:08 2025]
localrule all:
    input: results/final_message.txt
    jobid: 0
    reason: Input files updated by another job: results/final_message.txt
    resources: tmpdir=/tmp

[Thu Dec 18 11:46:08 2025]
Finished job 0.
2 of 2 steps (100%) done
Complete log: .snakemake/log/2025-12-18T114607.961468.snakemake.log
